{"numFailedTestSuites":0,"numFailedTests":0,"numPassedTestSuites":2,"numPassedTests":9,"numPendingTestSuites":0,"numPendingTests":0,"numRuntimeErrorTestSuites":0,"numTodoTests":0,"numTotalTestSuites":2,"numTotalTests":9,"openHandles":[],"snapshot":{"added":0,"didUpdate":false,"failure":false,"filesAdded":0,"filesRemoved":0,"filesRemovedList":[],"filesUnmatched":0,"filesUpdated":0,"matched":0,"total":0,"unchecked":0,"uncheckedKeysByFile":[],"unmatched":0,"updated":0},"startTime":1753981545431,"success":true,"testResults":[{"assertionResults":[{"ancestorTitles":["AddProductForm"],"failureMessages":[],"fullName":"AddProductForm renders the form fields and button","location":null,"status":"passed","title":"renders the form fields and button"},{"ancestorTitles":["AddProductForm"],"failureMessages":[],"fullName":"AddProductForm shows validation error from backend if name is empty","location":null,"status":"passed","title":"shows validation error from backend if name is empty"},{"ancestorTitles":["AddProductForm"],"failureMessages":[],"fullName":"AddProductForm submits and clears form on successful add","location":null,"status":"passed","title":"submits and clears form on successful add"},{"ancestorTitles":["AddProductForm"],"failureMessages":[],"fullName":"AddProductForm shows generic error on network failure","location":null,"status":"passed","title":"shows generic error on network failure"}],"endTime":1753981547797,"message":"","name":"/home/coder/project/workspace/question_generation_service/solutions/5079e1cc-c194-4cee-8a74-17105b25c45a/reactapp/src/components/AddProductForm.test.js","startTime":1753981546262,"status":"passed","summary":""},{"assertionResults":[{"ancestorTitles":["ProductList"],"failureMessages":[],"fullName":"ProductList renders Product list with products","location":null,"status":"passed","title":"renders Product list with products"},{"ancestorTitles":["ProductList"],"failureMessages":[],"fullName":"ProductList renders empty message when no products","location":null,"status":"passed","title":"renders empty message when no products"},{"ancestorTitles":["ProductList"],"failureMessages":[],"fullName":"ProductList shows error message on fetch failure","location":null,"status":"passed","title":"shows error message on fetch failure"},{"ancestorTitles":["ProductList"],"failureMessages":[],"fullName":"ProductList shows error on negative quantity update","location":null,"status":"passed","title":"shows error on negative quantity update"},{"ancestorTitles":["ProductList"],"failureMessages":[],"fullName":"ProductList updates quantity on success","location":null,"status":"passed","title":"updates quantity on success"}],"endTime":1753981547995,"message":"","name":"/home/coder/project/workspace/question_generation_service/solutions/5079e1cc-c194-4cee-8a74-17105b25c45a/reactapp/src/components/ProductList.test.js","startTime":1753981546336,"status":"passed","summary":""}],"wasInterrupted":false}